[debug] [2025-03-25T15:09:44.923Z] ----------------------------------------------------------------------
[debug] [2025-03-25T15:09:44.926Z] Command:       C:\Program Files\nodejs\node.exe C:\Users\cash\AppData\Roaming\npm\node_modules\firebase-tools\lib\bin\firebase.js init
[debug] [2025-03-25T15:09:44.927Z] CLI Version:   13.35.1
[debug] [2025-03-25T15:09:44.927Z] Platform:      win32
[debug] [2025-03-25T15:09:44.927Z] Node Version:  v22.13.1
[debug] [2025-03-25T15:09:44.927Z] Time:          Tue Mar 25 2025 17:09:44 GMT+0200 (South Africa Standard Time)
[debug] [2025-03-25T15:09:44.927Z] ----------------------------------------------------------------------
[debug] 
[debug] [2025-03-25T15:09:44.940Z] > command requires scopes: ["email","openid","https://www.googleapis.com/auth/cloudplatformprojects.readonly","https://www.googleapis.com/auth/firebase","https://www.googleapis.com/auth/cloud-platform"]
[debug] [2025-03-25T15:09:44.941Z] > authorizing via signed-in user (charlesmbira22@gmail.com)
[info] 
     ######## #### ########  ######## ########     ###     ######  ########
     ##        ##  ##     ## ##       ##     ##  ##   ##  ##       ##
     ######    ##  ########  ######   ########  #########  ######  ######
     ##        ##  ##    ##  ##       ##     ## ##     ##       ## ##
     ##       #### ##     ## ######## ########  ##     ##  ######  ########

You're about to initialize a Firebase project in this directory:

  C:\Users\cash\fibertime-report

[info] 
=== Project Setup
[info] 
[info] First, let's associate this project directory with a Firebase project.
[info] You can create multiple project aliases by running firebase use --add, 
[info] but for now we'll just set up a default project.
[info] 
[debug] [2025-03-25T15:11:24.240Z] Checked if tokens are valid: true, expires at: 1742918728829
[debug] [2025-03-25T15:11:24.240Z] Checked if tokens are valid: true, expires at: 1742918728829
[debug] [2025-03-25T15:11:24.242Z] >>> [apiv2][query] GET https://firebase.googleapis.com/v1beta1/projects pageSize=100
[debug] [2025-03-25T15:11:25.374Z] <<< [apiv2][status] GET https://firebase.googleapis.com/v1beta1/projects 200
[debug] [2025-03-25T15:11:25.374Z] <<< [apiv2][body] GET https://firebase.googleapis.com/v1beta1/projects [omitted]
[info] i  Using project fibertimereports (FiberTimeReports) 
[info] 
=== Hosting Setup
[debug] [2025-03-25T15:11:32.427Z] Checked if tokens are valid: true, expires at: 1742918728829
[debug] [2025-03-25T15:11:32.427Z] Checked if tokens are valid: true, expires at: 1742918728829
[debug] [2025-03-25T15:11:32.428Z] >>> [apiv2][query] GET https://firebase.googleapis.com/v1beta1/projects/fibertimereports [none]
[debug] [2025-03-25T15:11:33.121Z] <<< [apiv2][status] GET https://firebase.googleapis.com/v1beta1/projects/fibertimereports 200
[debug] [2025-03-25T15:11:33.121Z] <<< [apiv2][body] GET https://firebase.googleapis.com/v1beta1/projects/fibertimereports {"projectId":"fibertimereports","projectNumber":"563191066577","displayName":"FiberTimeReports","name":"projects/fibertimereports","resources":{"hostingSite":"fibertimereports"},"state":"ACTIVE","etag":"1_9efb0ba9-d61f-4942-96a2-9d3b1ecad165"}
[info] 
[info] Your public directory is the folder (relative to your project directory) that
[info] will contain Hosting assets to be uploaded with firebase deploy. If you
[info] have a build process for your assets, use your build's output directory.
[info] 
[debug] [2025-03-25T15:11:43.299Z] >>> [apiv2][query] GET https://www.gstatic.com/firebasejs/releases.json [none]
[debug] [2025-03-25T15:11:43.764Z] <<< [apiv2][status] GET https://www.gstatic.com/firebasejs/releases.json 200
[debug] [2025-03-25T15:11:43.765Z] <<< [apiv2][body] GET https://www.gstatic.com/firebasejs/releases.json {"current":{"version":"11.5.0","browserURL":"https://www.gstatic.com/firebasejs/11.5.0/firebase.js","packageURL":"https://www.gstatic.com/firebasejs/11.5.0/firebase.tgz"},"live":{"version":"11.5","browserURL":"https://www.gstatic.com/firebasejs/live/11.5/firebase.js","packageURL":"https://www.gstatic.com/firebasejs/live/11.5/firebase.tgz"},"components":{"analytics":"https://www.gstatic.com/firebasejs/11.5.0/firebase-analytics.js","app":"https://www.gstatic.com/firebasejs/11.5.0/firebase-app.js","app-check":"https://www.gstatic.com/firebasejs/11.5.0/firebase-app-check.js","auth":"https://www.gstatic.com/firebasejs/11.5.0/firebase-auth.js","auth/cordova":"https://www.gstatic.com/firebasejs/11.5.0/firebase-auth/cordova.js","auth/web-extension":"https://www.gstatic.com/firebasejs/11.5.0/firebase-auth/web-extension.js","functions":"https://www.gstatic.com/firebasejs/11.5.0/firebase-functions.js","firestore":"https://www.gstatic.com/firebasejs/11.5.0/firebase-firestore.js","firestore/lite":"https://www.gstatic.com/firebasejs/11.5.0/firebase-firestore/lite.js","installations":"https://www.gstatic.com/firebasejs/11.5.0/firebase-installations.js","storage":"https://www.gstatic.com/firebasejs/11.5.0/firebase-storage.js","performance":"https://www.gstatic.com/firebasejs/11.5.0/firebase-performance.js","remote-config":"https://www.gstatic.com/firebasejs/11.5.0/firebase-remote-config.js","messaging":"https://www.gstatic.com/firebasejs/11.5.0/firebase-messaging.js","messaging/sw":"https://www.gstatic.com/firebasejs/11.5.0/firebase-messaging/sw.js","database":"https://www.gstatic.com/firebasejs/11.5.0/firebase-database.js","vertexai":"https://www.gstatic.com/firebasejs/11.5.0/firebase-vertexai.js","data-connect":"https://www.gstatic.com/firebasejs/11.5.0/firebase-data-connect.js","firestore.memory":"https://www.gstatic.com/firebasejs/11.5.0/firebase-firestore.memory.js"}}
[info] +  Wrote public/index.html 
[info] 
=== Database Setup
[info] i  database: ensuring required API firebasedatabase.googleapis.com is enabled... 
[debug] [2025-03-25T15:11:43.784Z] Checked if tokens are valid: true, expires at: 1742918728829
[debug] [2025-03-25T15:11:43.784Z] Checked if tokens are valid: true, expires at: 1742918728829
[debug] [2025-03-25T15:11:43.785Z] >>> [apiv2][query] GET https://serviceusage.googleapis.com/v1/projects/fibertimereports/services/firebasedatabase.googleapis.com [none]
[debug] [2025-03-25T15:11:43.785Z] >>> [apiv2][(partial)header] GET https://serviceusage.googleapis.com/v1/projects/fibertimereports/services/firebasedatabase.googleapis.com x-goog-quota-user=projects/fibertimereports
[debug] [2025-03-25T15:11:46.185Z] <<< [apiv2][status] GET https://serviceusage.googleapis.com/v1/projects/fibertimereports/services/firebasedatabase.googleapis.com 200
[debug] [2025-03-25T15:11:46.185Z] <<< [apiv2][body] GET https://serviceusage.googleapis.com/v1/projects/fibertimereports/services/firebasedatabase.googleapis.com [omitted]
[warn] !  database: missing required API firebasedatabase.googleapis.com. Enabling now... 
[debug] [2025-03-25T15:11:46.186Z] Checked if tokens are valid: true, expires at: 1742918728829
[debug] [2025-03-25T15:11:46.186Z] Checked if tokens are valid: true, expires at: 1742918728829
[debug] [2025-03-25T15:11:46.187Z] >>> [apiv2][query] POST https://serviceusage.googleapis.com/v1/projects/fibertimereports/services/firebasedatabase.googleapis.com:enable [none]
[debug] [2025-03-25T15:11:46.187Z] >>> [apiv2][(partial)header] POST https://serviceusage.googleapis.com/v1/projects/fibertimereports/services/firebasedatabase.googleapis.com:enable x-goog-quota-user=projects/fibertimereports
[debug] [2025-03-25T15:11:48.275Z] <<< [apiv2][status] POST https://serviceusage.googleapis.com/v1/projects/fibertimereports/services/firebasedatabase.googleapis.com:enable 200
[debug] [2025-03-25T15:11:48.275Z] <<< [apiv2][body] POST https://serviceusage.googleapis.com/v1/projects/fibertimereports/services/firebasedatabase.googleapis.com:enable [omitted]
[debug] [2025-03-25T15:11:58.279Z] Checked if tokens are valid: true, expires at: 1742918728829
[debug] [2025-03-25T15:11:58.279Z] Checked if tokens are valid: true, expires at: 1742918728829
[debug] [2025-03-25T15:11:58.280Z] >>> [apiv2][query] GET https://serviceusage.googleapis.com/v1/projects/fibertimereports/services/firebasedatabase.googleapis.com [none]
[debug] [2025-03-25T15:11:58.280Z] >>> [apiv2][(partial)header] GET https://serviceusage.googleapis.com/v1/projects/fibertimereports/services/firebasedatabase.googleapis.com x-goog-quota-user=projects/fibertimereports
[debug] [2025-03-25T15:12:00.235Z] <<< [apiv2][status] GET https://serviceusage.googleapis.com/v1/projects/fibertimereports/services/firebasedatabase.googleapis.com 200
[debug] [2025-03-25T15:12:00.235Z] <<< [apiv2][body] GET https://serviceusage.googleapis.com/v1/projects/fibertimereports/services/firebasedatabase.googleapis.com [omitted]
[info] +  database: required API firebasedatabase.googleapis.com is enabled 
[info] 
[debug] [2025-03-25T15:12:00.242Z] Checked if tokens are valid: true, expires at: 1742918728829
[debug] [2025-03-25T15:12:00.242Z] Checked if tokens are valid: true, expires at: 1742918728829
[debug] [2025-03-25T15:12:00.242Z] >>> [apiv2][query] GET https://firebase.googleapis.com/v1beta1/projects/fibertimereports [none]
[debug] [2025-03-25T15:12:01.057Z] <<< [apiv2][status] GET https://firebase.googleapis.com/v1beta1/projects/fibertimereports 200
[debug] [2025-03-25T15:12:01.058Z] <<< [apiv2][body] GET https://firebase.googleapis.com/v1beta1/projects/fibertimereports {"projectId":"fibertimereports","projectNumber":"563191066577","displayName":"FiberTimeReports","name":"projects/fibertimereports","resources":{"hostingSite":"fibertimereports"},"state":"ACTIVE","etag":"1_9efb0ba9-d61f-4942-96a2-9d3b1ecad165"}
[debug] [2025-03-25T15:12:42.114Z] Checked if tokens are valid: true, expires at: 1742918728829
[debug] [2025-03-25T15:12:42.114Z] Checked if tokens are valid: true, expires at: 1742918728829
[debug] [2025-03-25T15:12:42.114Z] >>> [apiv2][query] POST https://firebasedatabase.googleapis.com/v1beta/projects/fibertimereports/locations/europe-west1/instances databaseId=fibertimereports-default-rtdb&validateOnly=true
[debug] [2025-03-25T15:12:42.114Z] >>> [apiv2][body] POST https://firebasedatabase.googleapis.com/v1beta/projects/fibertimereports/locations/europe-west1/instances {"type":"default_database"}
[debug] [2025-03-25T15:12:44.316Z] <<< [apiv2][status] POST https://firebasedatabase.googleapis.com/v1beta/projects/fibertimereports/locations/europe-west1/instances 200
[debug] [2025-03-25T15:12:44.316Z] <<< [apiv2][body] POST https://firebasedatabase.googleapis.com/v1beta/projects/fibertimereports/locations/europe-west1/instances {"name":"projects/563191066577/locations/europe-west1/instances/fibertimereports-default-rtdb","project":"projects/563191066577","databaseUrl":"https://fibertimereports-default-rtdb.europe-west1.firebasedatabase.app","type":"DEFAULT_DATABASE","state":"ACTIVE"}
[debug] [2025-03-25T15:12:44.319Z] Checked if tokens are valid: true, expires at: 1742918728829
[debug] [2025-03-25T15:12:44.319Z] Checked if tokens are valid: true, expires at: 1742918728829
[debug] [2025-03-25T15:12:44.320Z] >>> [apiv2][query] POST https://firebasedatabase.googleapis.com/v1beta/projects/fibertimereports/locations/europe-west1/instances databaseId=fibertimereports-default-rtdb
[debug] [2025-03-25T15:12:44.320Z] >>> [apiv2][body] POST https://firebasedatabase.googleapis.com/v1beta/projects/fibertimereports/locations/europe-west1/instances {"type":"default_database"}
[debug] [2025-03-25T15:12:45.235Z] <<< [apiv2][status] POST https://firebasedatabase.googleapis.com/v1beta/projects/fibertimereports/locations/europe-west1/instances 200
[debug] [2025-03-25T15:12:45.235Z] <<< [apiv2][body] POST https://firebasedatabase.googleapis.com/v1beta/projects/fibertimereports/locations/europe-west1/instances {"name":"projects/563191066577/locations/europe-west1/instances/fibertimereports-default-rtdb","project":"projects/563191066577","databaseUrl":"https://fibertimereports-default-rtdb.europe-west1.firebasedatabase.app","type":"DEFAULT_DATABASE","state":"ACTIVE"}
[info] 
[info] Firebase Realtime Database Security Rules allow you to define how your data should be
[info] structured and when your data can be read from and written to.
[info] 
[debug] [2025-03-25T15:12:55.041Z] Checked if tokens are valid: true, expires at: 1742918728829
[debug] [2025-03-25T15:12:55.041Z] Checked if tokens are valid: true, expires at: 1742918728829
[debug] [2025-03-25T15:12:55.041Z] >>> [apiv2][query] GET https://fibertimereports-default-rtdb.europe-west1.firebasedatabase.app/.settings/rules.json [none]
[debug] [2025-03-25T15:12:56.901Z] <<< [apiv2][status] GET https://fibertimereports-default-rtdb.europe-west1.firebasedatabase.app/.settings/rules.json 200
[debug] [2025-03-25T15:12:56.901Z] <<< [apiv2][body] GET https://fibertimereports-default-rtdb.europe-west1.firebasedatabase.app/.settings/rules.json [stream]
[info] +  Database Rules for fibertimereports-default-rtdb have been written to database.rules.json. 
[info] Future modifications to database.rules.json will update Realtime Database Security Rules when you run
[info] firebase deploy.
[info] 
[info] i  Writing configuration info to firebase.json... 
[info] i  Writing project information to .firebaserc... 
[info] i  Writing gitignore file to .gitignore... 
[info] 
[info] +  Firebase initialization complete! 
[debug] [2025-03-25T15:13:06.947Z] Error: Timed out.
    at Timeout._onTimeout (C:\Users\cash\AppData\Roaming\npm\node_modules\firebase-tools\lib\utils.js:269:49)
    at listOnTimeout (node:internal/timers:594:17)
    at process.processTimers (node:internal/timers:529:7)
[error] 
[error] Error: An unexpected error has occurred.
